Using pre-set license
Built from '2022.3/staging' branch; Version is '2022.3.38f1 (c5d5a7410213) revision 12965287'; Using compiler version '192829333'; Build Type 'Release'
OS: 'Windows 11  (10.0.22631) 64bit CoreSingleLanguage' Language: 'pt' Physical Memory: 48870 MB
BatchMode: 1, IsHumanControllingUs: 0, StartBugReporterOnCrash: 0, Is64bit: 1, IsPro: 1

COMMAND LINE ARGUMENTS:
C:\Program Files\Unity\Hub\Editor\2022.3.38f1\Editor\Unity.exe
-adb2
-batchMode
-noUpm
-name
AssetImportWorker2
-projectPath
C:/Users/multi/Documents/GitHub/NR-V
-logFile
Logs/AssetImportWorker2.log
-srvPort
54996
Successfully changed project path to: C:/Users/multi/Documents/GitHub/NR-V
C:/Users/multi/Documents/GitHub/NR-V
[UnityMemory] Configuration Parameters - Can be set up in boot.config
    "memorysetup-bucket-allocator-granularity=16"
    "memorysetup-bucket-allocator-bucket-count=8"
    "memorysetup-bucket-allocator-block-size=33554432"
    "memorysetup-bucket-allocator-block-count=8"
    "memorysetup-main-allocator-block-size=16777216"
    "memorysetup-thread-allocator-block-size=16777216"
    "memorysetup-gfx-main-allocator-block-size=16777216"
    "memorysetup-gfx-thread-allocator-block-size=16777216"
    "memorysetup-cache-allocator-block-size=4194304"
    "memorysetup-typetree-allocator-block-size=2097152"
    "memorysetup-profiler-bucket-allocator-granularity=16"
    "memorysetup-profiler-bucket-allocator-bucket-count=8"
    "memorysetup-profiler-bucket-allocator-block-size=33554432"
    "memorysetup-profiler-bucket-allocator-block-count=8"
    "memorysetup-profiler-allocator-block-size=16777216"
    "memorysetup-profiler-editor-allocator-block-size=1048576"
    "memorysetup-temp-allocator-size-main=16777216"
    "memorysetup-job-temp-allocator-block-size=2097152"
    "memorysetup-job-temp-allocator-block-size-background=1048576"
    "memorysetup-job-temp-allocator-reduction-small-platforms=262144"
    "memorysetup-allocator-temp-initial-block-size-main=262144"
    "memorysetup-allocator-temp-initial-block-size-worker=262144"
    "memorysetup-temp-allocator-size-background-worker=32768"
    "memorysetup-temp-allocator-size-job-worker=262144"
    "memorysetup-temp-allocator-size-preload-manager=33554432"
    "memorysetup-temp-allocator-size-nav-mesh-worker=65536"
    "memorysetup-temp-allocator-size-audio-worker=65536"
    "memorysetup-temp-allocator-size-cloud-worker=32768"
    "memorysetup-temp-allocator-size-gi-baking-worker=262144"
    "memorysetup-temp-allocator-size-gfx=262144"
Player connection [35996]  Target information:

Player connection [35996]  * "[IP] 10.101.0.39 [Port] 0 [Flags] 2 [Guid] 2200492827 [EditorId] 2200492827 [Version] 1048832 [Id] WindowsEditor(7,Maracana) [Debug] 1 [PackageName] WindowsEditor [ProjectName] Editor" 

Player connection [35996] Host joined multi-casting on [225.0.0.222:54997]...
Player connection [35996] Host joined alternative multi-casting on [225.0.0.222:34997]...
[PhysX] Initialized MultithreadedTaskDispatcher with 16 workers.
Refreshing native plugins compatible for Editor in 46.45 ms, found 16 plugins.
Preloading 1 native plugins for Editor in 0.62 ms.
Initialize engine version: 2022.3.38f1 (c5d5a7410213)
[Subsystems] Discovering subsystems at path C:/Program Files/Unity/Hub/Editor/2022.3.38f1/Editor/Data/Resources/UnitySubsystems
[Subsystems] Discovering subsystems at path C:/Users/multi/Documents/GitHub/NR-V/Assets
GfxDevice: creating device client; threaded=0; jobified=0
Direct3D:
    Version:  Direct3D 11.0 [level 11.1]
    Renderer: NVIDIA GeForce RTX 4060 (ID=0x2882)
    Vendor:   NVIDIA
    VRAM:     7957 MB
    Driver:   31.0.15.5241
Initialize mono
Mono path[0] = 'C:/Program Files/Unity/Hub/Editor/2022.3.38f1/Editor/Data/Managed'
Mono path[1] = 'C:/Program Files/Unity/Hub/Editor/2022.3.38f1/Editor/Data/MonoBleedingEdge/lib/mono/unityjit-win32'
Mono config path = 'C:/Program Files/Unity/Hub/Editor/2022.3.38f1/Editor/Data/MonoBleedingEdge/etc'
Using monoOptions --debugger-agent=transport=dt_socket,embedding=1,server=y,suspend=n,address=127.0.0.1:56032
Begin MonoManager ReloadAssembly
Registering precompiled unity dll's ...
Register platform support module: C:/Program Files/Unity/Hub/Editor/2022.3.38f1/Editor/Data/PlaybackEngines/AndroidPlayer/UnityEditor.Android.Extensions.dll
Register platform support module: C:/Program Files/Unity/Hub/Editor/2022.3.38f1/Editor/Data/PlaybackEngines/WindowsStandaloneSupport/UnityEditor.WindowsStandalone.Extensions.dll
Registered in 0.004930 seconds.
- Loaded All Assemblies, in  0.330 seconds
Native extension for WindowsStandalone target not found
Native extension for Android target not found
InvalidOperationException: Cannot start process because a file name has not been provided.
  at System.Diagnostics.Process.Start () [0x00024] in <2c15fe3fa1c24938a5e016199e4208db>:0 
  at (wrapper remoting-invoke-with-check) System.Diagnostics.Process.Start()
  at UnityEditor.Android.ProgramAsShellExecute.Start (System.Diagnostics.ProcessStartInfo psi) [0x0000e] in <2fb5bcd8e6024287bf092a8fc109e39b>:0 
  at UnityEditor.Android.Command.RunWithShellExecute (System.String command, System.String args, System.String workingdir, System.String errorMsg) [0x0003e] in <2fb5bcd8e6024287bf092a8fc109e39b>:0 
  at UnityEditor.Android.ADB.StartServer () [0x00013] in <2fb5bcd8e6024287bf092a8fc109e39b>:0 
  at UnityEditor.Android.ADB.Run (System.String[] command, UnityEditor.Android.Command+WaitingForProcessToExit waitingForProcessToExit, System.String errorMsg) [0x0000b] in <2fb5bcd8e6024287bf092a8fc109e39b>:0 
  at UnityEditor.Android.AndroidDeploymentTargetsExtension.GetKnownTargets (UnityEditor.DeploymentTargets.IDeploymentTargetsMainThreadContext context, UnityEditor.ProgressHandler progressHandler) [0x002ae] in <2fb5bcd8e6024287bf092a8fc109e39b>:0 
  at UnityEditor.Android.TargetScanWorker.ScanSync () [0x00039] in <2fb5bcd8e6024287bf092a8fc109e39b>:0 
  at UnityEditor.Android.TargetExtension.OnUsbDevicesChanged (UnityEditor.Hardware.UsbDevice[] usbDevices) [0x00081] in <2fb5bcd8e6024287bf092a8fc109e39b>:0 
  at UnityEditor.Android.TargetExtension.OnLoad () [0x000ad] in <2fb5bcd8e6024287bf092a8fc109e39b>:0 
  at UnityEditor.Modules.ModuleManager.InitializePlatformSupportModules () [0x0009d] in <043e10ec4a0f4999a2729072194b9cfe>:0 

Mono: successfully reloaded assembly
- Finished resetting the current domain, in  0.284 seconds
Domain Reload Profiling: 613ms
	BeginReloadAssembly (85ms)
		ExecutionOrderSort (0ms)
		DisableScriptedObjects (0ms)
		BackupInstance (0ms)
		ReleaseScriptingObjects (0ms)
		CreateAndSetChildDomain (1ms)
	RebuildCommonClasses (53ms)
	RebuildNativeTypeToScriptingClass (15ms)
	initialDomainReloadingComplete (54ms)
	LoadAllAssembliesAndSetupDomain (121ms)
		LoadAssemblies (84ms)
		RebuildTransferFunctionScriptingTraits (0ms)
		AnalyzeDomain (119ms)
			TypeCache.Refresh (118ms)
				TypeCache.ScanAssembly (108ms)
			ScanForSourceGeneratedMonoScriptInfo (0ms)
			ResolveRequiredComponents (0ms)
	FinalizeReload (285ms)
		ReleaseScriptCaches (0ms)
		RebuildScriptCaches (0ms)
		SetupLoadedEditorAssemblies (241ms)
			LogAssemblyErrors (0ms)
			InitializePlatformSupportModulesInManaged (95ms)
			SetLoadedEditorAssemblies (4ms)
			RefreshPlugins (0ms)
			BeforeProcessingInitializeOnLoad (2ms)
			ProcessInitializeOnLoadAttributes (100ms)
			ProcessInitializeOnLoadMethodAttributes (40ms)
			AfterProcessingInitializeOnLoad (0ms)
			EditorAssembliesLoaded (0ms)
		ExecutionOrderSort2 (0ms)
		AwakeInstancesAfterBackupRestoration (0ms)
========================================================================
Worker process is ready to serve import requests
Begin MonoManager ReloadAssembly
Duplicate assembly 'Newtonsoft.Json.dll' with different versions detected, using 'Packages/com.unity.nuget.newtonsoft-json/Runtime/Newtonsoft.Json.dll, AssemblyName=Newtonsoft.Json, Version=13.0.0.0, Culture=neutral, PublicKeyToken=30ad4fe6b2a6aeed' and ignoring 'Assets/JsonDotNet/Assemblies/Standalone/Newtonsoft.Json.dll, AssemblyName=Newtonsoft.Json, Version=8.0.0.0, Culture=neutral, PublicKeyToken=null'.Symbol file LoadedFromMemory is not a mono symbol file
- Loaded All Assemblies, in  0.646 seconds
Refreshing native plugins compatible for Editor in 21.33 ms, found 16 plugins.
Native extension for WindowsStandalone target not found
Native extension for Android target not found
Package Manager log level set to [2]
[Package Manager] Server::EnsureServerProcessIsRunning -- launch failed, reason: Unity was launched with the -noUpm command-line argument
[Package Manager] UpmClient::Send -- Unable to send message (not connected to UPM process).
[Package Manager] Cannot connect to Unity Package Manager local server
System.Exception: Error! Visual Scripting: couldn't find visual scripting package
  at Unity.VisualScripting.PackageVersionUtility.get_version () [0x00043] in .\Library\PackageCache\com.unity.visualscripting@1.9.4\Editor\VisualScripting.Core\Utilities\PackageVersionUtility.cs:31 
  at Unity.VisualScripting.BoltCoreManifest.get_version () [0x00000] in .\Library\PackageCache\com.unity.visualscripting@1.9.4\Editor\VisualScripting.Core\Plugin\BoltCoreManifest.cs:11 
  at Unity.VisualScripting.PluginManifest.get_currentVersion () [0x00000] in .\Library\PackageCache\com.unity.visualscripting@1.9.4\Editor\VisualScripting.Core\Plugins\PluginManifest.cs:33 
  at Unity.VisualScripting.PluginManifest.get_versionMismatch () [0x00000] in .\Library\PackageCache\com.unity.visualscripting@1.9.4\Editor\VisualScripting.Core\Plugins\PluginManifest.cs:48 
  at Unity.VisualScripting.PluginContainer.Initialize () [0x00525] in .\Library\PackageCache\com.unity.visualscripting@1.9.4\Editor\VisualScripting.Core\Plugins\PluginContainer.cs:208 
  at Unity.VisualScripting.PluginContainer.InitializeOnLoad () [0x00009] in .\Library\PackageCache\com.unity.visualscripting@1.9.4\Editor\VisualScripting.Core\Plugins\PluginContainer.cs:32 
  at Unity.VisualScripting.VSUsageUtility.DoInitializeOnLoadCalls () [0x00034] in .\Library\PackageCache\com.unity.visualscripting@1.9.4\Editor\VisualScripting.Core\Utilities\VSUsageUtility.cs:76 
  at Unity.VisualScripting.VSUsageUtility.set_isVisualScriptingUsed (System.Boolean value) [0x0002c] in .\Library\PackageCache\com.unity.visualscripting@1.9.4\Editor\VisualScripting.Core\Utilities\VSUsageUtility.cs:114 
  at Unity.VisualScripting.VSUsageUtility.CheckAndSetIsVisualScriptingUsed () [0x00032] in .\Library\PackageCache\com.unity.visualscripting@1.9.4\Editor\VisualScripting.Core\Utilities\VSUsageUtility.cs:48 
  at Unity.VisualScripting.VSUsageUtility..cctor () [0x00000] in .\Library\PackageCache\com.unity.visualscripting@1.9.4\Editor\VisualScripting.Core\Utilities\VSUsageUtility.cs:22 
UnityEngine.StackTraceUtility:ExtractStackTrace ()
UnityEngine.DebugLogHandler:LogFormat (UnityEngine.LogType,UnityEngine.Object,string,object[])
UnityEngine.Logger:Log (UnityEngine.LogType,object)
UnityEngine.Debug:LogError (object)
UnityEditor.EditorAssemblies:ProcessInitializeOnLoadAttributes (System.Type[])

[Package Manager] Server::EnsureServerProcessIsRunning -- launch failed, reason: Unity was launched with the -noUpm command-line argument
[Package Manager] UpmClient::Send -- Unable to send message (not connected to UPM process).
[Package Manager] Cannot connect to Unity Package Manager local server
System.Reflection.TargetInvocationException: Exception has been thrown by the target of an invocation. ---> System.NullReferenceException: Object reference not set to an instance of an object
  at Unity.XR.Oculus.OculusLoader.AssetPathToAbsolutePath (System.String assetPath) [0x0003d] in .\Library\PackageCache\com.unity.xr.oculus@4.2.0\Runtime\OculusLoader.cs:298 
  at Unity.XR.Oculus.OculusLoader.EditorLoadOVRPlugin () [0x0008c] in .\Library\PackageCache\com.unity.xr.oculus@4.2.0\Runtime\OculusLoader.cs:283 
  at (wrapper managed-to-native) System.Reflection.RuntimeMethodInfo.InternalInvoke(System.Reflection.RuntimeMethodInfo,object,object[],System.Exception&)
  at System.Reflection.RuntimeMethodInfo.Invoke (System.Object obj, System.Reflection.BindingFlags invokeAttr, System.Reflection.Binder binder, System.Object[] parameters, System.Globalization.CultureInfo culture) [0x0006a] in <c0b7b90d34a54066a7234dad69255116>:0 
   --- End of inner exception stack trace ---
  at System.Reflection.RuntimeMethodInfo.Invoke (System.Object obj, System.Reflection.BindingFlags invokeAttr, System.Reflection.Binder binder, System.Object[] parameters, System.Globalization.CultureInfo culture) [0x00083] in <c0b7b90d34a54066a7234dad69255116>:0 
  at System.Reflection.MethodBase.Invoke (System.Object obj, System.Object[] parameters) [0x00000] in <c0b7b90d34a54066a7234dad69255116>:0 
  at UnityEditor.EditorAssemblies.ProcessInitializeOnLoadMethodAttributes () [0x000a5] in <043e10ec4a0f4999a2729072194b9cfe>:0 
UnityEngine.StackTraceUtility:ExtractStackTrace ()
UnityEngine.DebugLogHandler:LogFormat (UnityEngine.LogType,UnityEngine.Object,string,object[])
UnityEngine.Logger:Log (UnityEngine.LogType,object)
UnityEngine.Debug:LogError (object)
UnityEditor.EditorAssemblies:ProcessInitializeOnLoadMethodAttributes ()

Mono: successfully reloaded assembly
[Package Manager] Server::EnsureServerProcessIsRunning -- launch failed, reason: Unity was launched with the -noUpm command-line argument
[Package Manager] UpmClient::Send -- Unable to send message (not connected to UPM process).
[Package Manager] Cannot connect to Unity Package Manager local server
[Package Manager] Server::EnsureServerProcessIsRunning -- launch failed, reason: Unity was launched with the -noUpm command-line argument
[Package Manager] UpmClient::Send -- Unable to send message (not connected to UPM process).
[Package Manager] Cannot connect to Unity Package Manager local server
- Finished resetting the current domain, in  0.991 seconds
Domain Reload Profiling: 1634ms
	BeginReloadAssembly (118ms)
		ExecutionOrderSort (0ms)
		DisableScriptedObjects (4ms)
		BackupInstance (0ms)
		ReleaseScriptingObjects (0ms)
		CreateAndSetChildDomain (16ms)
	RebuildCommonClasses (24ms)
	RebuildNativeTypeToScriptingClass (8ms)
	initialDomainReloadingComplete (36ms)
	LoadAllAssembliesAndSetupDomain (457ms)
		LoadAssemblies (318ms)
		RebuildTransferFunctionScriptingTraits (0ms)
		AnalyzeDomain (211ms)
			TypeCache.Refresh (172ms)
				TypeCache.ScanAssembly (154ms)
			ScanForSourceGeneratedMonoScriptInfo (30ms)
			ResolveRequiredComponents (7ms)
	FinalizeReload (992ms)
		ReleaseScriptCaches (0ms)
		RebuildScriptCaches (0ms)
		SetupLoadedEditorAssemblies (853ms)
			LogAssemblyErrors (0ms)
			InitializePlatformSupportModulesInManaged (37ms)
			SetLoadedEditorAssemblies (3ms)
			RefreshPlugins (0ms)
			BeforeProcessingInitializeOnLoad (69ms)
			ProcessInitializeOnLoadAttributes (637ms)
			ProcessInitializeOnLoadMethodAttributes (99ms)
			AfterProcessingInitializeOnLoad (4ms)
			EditorAssembliesLoaded (4ms)
		ExecutionOrderSort2 (0ms)
		AwakeInstancesAfterBackupRestoration (6ms)
Launched and connected shader compiler UnityShaderCompiler.exe after 0.04 seconds
Refreshing native plugins compatible for Editor in 18.39 ms, found 16 plugins.
Preloading 1 native plugins for Editor in 0.04 ms.
Unloading 6154 Unused Serialized files (Serialized files now loaded: 0)
Unloading 167 unused Assets / (1.2 MB). Loaded Objects now: 6581.
Memory consumption went from 200.8 MB to 199.6 MB.
Total: 11.907100 ms (FindLiveObjects: 0.334400 ms CreateObjectMapping: 0.209600 ms MarkObjects: 10.817900 ms  DeleteObjects: 0.543700 ms)

AssetImportParameters requested are different than current active one (requested -> active):
  custom:container-demuxer-ogg: 62fdf1f143b41e24485cea50d1cbac27 -> 
  custom:video-codec-MediaFoundation-h265: 746d11721c4dcdbdad8f713fa42b33f4 -> 
  custom:video-decoder-ogg-theora: a1e56fd34408186e4bbccfd4996cb3dc -> 
  custom:framework-win-MediaFoundation: 216162199b28c13a410421893ffa2e32 -> 
  custom:CustomObjectIndexerAttribute: 9a22284fe3817be447336de3de66b15e -> 
  custom:container-demuxer-webm: 4f35f7cbe854078d1ac9338744f61a02 -> 
  custom:container-muxer-webm: aa71ff27fc2769a1b78a27578f13a17b -> 
  custom:video-decoder-webm-vp8: 9c59270c3fd7afecdb556c50c9e8de78 -> 
  custom:SearchIndexIgnoredProperties: e643bd26f0fe6173181afceb89e7c659 -> 
  custom:AudioImporter_EditorPlatform: d09bf68614088b80899f8185d706f6e7 -> 
  custom:video-encoder-webm-vp8: eb34c28f22e8b96e1ab97ce403110664 -> 
  custom:audio-decoder-ogg-vorbis: bf7c407c2cedff20999df2af8eb42d56 -> 
  custom:audio-encoder-webm-vorbis: bf7c407c2cedff20999df2af8eb42d56 -> 
========================================================================
Received Import Request.
  Time since last request: 12224.799783 seconds.
  path: Assets/ModelosAmbienteIndustrial/Other_props/Palets/Bags_on_pallet_v1/Source/Bags_on_pallet_v1.tga
  artifactKey: Guid(eb72cde9ec273784e8551ca6ea486006) Importer(815301076,1909f56bfc062723c751e8b465ee728b)
Start importing Assets/ModelosAmbienteIndustrial/Other_props/Palets/Bags_on_pallet_v1/Source/Bags_on_pallet_v1.tga using Guid(eb72cde9ec273784e8551ca6ea486006) Importer(815301076,1909f56bfc062723c751e8b465ee728b) [PhysX] Initialized MultithreadedTaskDispatcher with 16 workers.
[PhysX] Initialized MultithreadedTaskDispatcher with 16 workers.
 -> (artifact id: 'd033b39765a9bcaf979861d64d6329df') in 0.076638 seconds
Number of updated asset objects reloaded before import = 0
Number of asset objects unloaded after import = 2
========================================================================
Received Import Request.
  Time since last request: 0.000028 seconds.
  path: Assets/ModelosAmbienteIndustrial/Barrels/Barrel_v2/Barrel_v2_quadro.prefab
  artifactKey: Guid(efaf0e3818a9ab240983b51198f0a77a) Importer(815301076,1909f56bfc062723c751e8b465ee728b)
Start importing Assets/ModelosAmbienteIndustrial/Barrels/Barrel_v2/Barrel_v2_quadro.prefab using Guid(efaf0e3818a9ab240983b51198f0a77a) Importer(815301076,1909f56bfc062723c751e8b465ee728b) [PhysX] Initialized MultithreadedTaskDispatcher with 16 workers.
[PhysX] Initialized MultithreadedTaskDispatcher with 16 workers.
 -> (artifact id: '69f34b7f1f1ef8975c0a2665f6e6c995') in 0.050279 seconds
Number of updated asset objects reloaded before import = 0
Number of asset objects unloaded after import = 10
========================================================================
Received Import Request.
  Time since last request: 0.457933 seconds.
  path: Assets/ModelosAmbienteIndustrial/Barrels/Barrel_v3/Source/Barrel_v3.tga
  artifactKey: Guid(ab642a6f4431c294dad548240c4df51f) Importer(815301076,1909f56bfc062723c751e8b465ee728b)
Start importing Assets/ModelosAmbienteIndustrial/Barrels/Barrel_v3/Source/Barrel_v3.tga using Guid(ab642a6f4431c294dad548240c4df51f) Importer(815301076,1909f56bfc062723c751e8b465ee728b) [PhysX] Initialized MultithreadedTaskDispatcher with 16 workers.
[PhysX] Initialized MultithreadedTaskDispatcher with 16 workers.
 -> (artifact id: '4742c4f8724ff21ecf41d176b7cf1599') in 0.049563 seconds
Number of updated asset objects reloaded before import = 0
Number of asset objects unloaded after import = 2
========================================================================
Received Import Request.
  Time since last request: 0.802556 seconds.
  path: Assets/ModelosIndustriais/WoodPlanks/Models/WoodPlanks.fbx
  artifactKey: Guid(dc3823d88992503449e107c452552b14) Importer(815301076,1909f56bfc062723c751e8b465ee728b)
Start importing Assets/ModelosIndustriais/WoodPlanks/Models/WoodPlanks.fbx using Guid(dc3823d88992503449e107c452552b14) Importer(815301076,1909f56bfc062723c751e8b465ee728b) [PhysX] Initialized MultithreadedTaskDispatcher with 16 workers.
[PhysX] Initialized MultithreadedTaskDispatcher with 16 workers.
[PhysX] Initialized MultithreadedTaskDispatcher with 16 workers.
[PhysX] Initialized MultithreadedTaskDispatcher with 16 workers.
[PhysX] Initialized MultithreadedTaskDispatcher with 16 workers.
[PhysX] Initialized MultithreadedTaskDispatcher with 16 workers.
[PhysX] Initialized MultithreadedTaskDispatcher with 16 workers.
[PhysX] Initialized MultithreadedTaskDispatcher with 16 workers.
[PhysX] Initialized MultithreadedTaskDispatcher with 16 workers.
[PhysX] Initialized MultithreadedTaskDispatcher with 16 workers.
 -> (artifact id: 'c4dad464b51408bae29c5e32d4d80490') in 0.682198 seconds
Number of updated asset objects reloaded before import = 0
Number of asset objects unloaded after import = 42
========================================================================
Received Import Request.
  Time since last request: 0.045138 seconds.
  path: Assets/ModelosIndustriais/WoodenCableDrum/Textures/CablesDrum_Cables_Roughness.tga
  artifactKey: Guid(1901b94d6fd9b644b98f120c9a07c593) Importer(815301076,1909f56bfc062723c751e8b465ee728b)
Start importing Assets/ModelosIndustriais/WoodenCableDrum/Textures/CablesDrum_Cables_Roughness.tga using Guid(1901b94d6fd9b644b98f120c9a07c593) Importer(815301076,1909f56bfc062723c751e8b465ee728b) [PhysX] Initialized MultithreadedTaskDispatcher with 16 workers.
[PhysX] Initialized MultithreadedTaskDispatcher with 16 workers.
 -> (artifact id: '395eaf84f9d28a671a60e4a7a83956dd') in 0.066509 seconds
Number of updated asset objects reloaded before import = 0
Number of asset objects unloaded after import = 2
========================================================================
Received Import Request.
  Time since last request: 0.000022 seconds.
  path: Assets/ModelosAmbienteIndustrial/Containers/Cargo_container_v1/Cargo_container_v1_LD1close.prefab
  artifactKey: Guid(84147b87204d0a0478bae9558d656ea2) Importer(815301076,1909f56bfc062723c751e8b465ee728b)
Start importing Assets/ModelosAmbienteIndustrial/Containers/Cargo_container_v1/Cargo_container_v1_LD1close.prefab using Guid(84147b87204d0a0478bae9558d656ea2) Importer(815301076,1909f56bfc062723c751e8b465ee728b) [PhysX] Initialized MultithreadedTaskDispatcher with 16 workers.
[PhysX] Initialized MultithreadedTaskDispatcher with 16 workers.
 -> (artifact id: 'b4af242aead397d9deb1fd77b7882b7a') in 0.059418 seconds
Number of updated asset objects reloaded before import = 0
Number of asset objects unloaded after import = 10
========================================================================
Received Import Request.
  Time since last request: 0.002319 seconds.
  path: Assets/ModelosAmbienteIndustrial/Containers/Cargo_container_v1/Source/Cargo_container_v3.tga
  artifactKey: Guid(2b5271b70faa82948a2f1b3e45d5c40e) Importer(815301076,1909f56bfc062723c751e8b465ee728b)
Start importing Assets/ModelosAmbienteIndustrial/Containers/Cargo_container_v1/Source/Cargo_container_v3.tga using Guid(2b5271b70faa82948a2f1b3e45d5c40e) Importer(815301076,1909f56bfc062723c751e8b465ee728b) [PhysX] Initialized MultithreadedTaskDispatcher with 16 workers.
[PhysX] Initialized MultithreadedTaskDispatcher with 16 workers.
 -> (artifact id: 'c196a5a4bb05145250b527796658cd21') in 0.071766 seconds
Number of updated asset objects reloaded before import = 0
Number of asset objects unloaded after import = 2
========================================================================
Received Import Request.
  Time since last request: 0.000044 seconds.
  path: Assets/ModelosAmbienteIndustrial/Containers/Cargo_container_v1/Source/Cargo_container_v2.tga
  artifactKey: Guid(0d05f81e33820aa4a8a400b8b8b696d8) Importer(815301076,1909f56bfc062723c751e8b465ee728b)
Start importing Assets/ModelosAmbienteIndustrial/Containers/Cargo_container_v1/Source/Cargo_container_v2.tga using Guid(0d05f81e33820aa4a8a400b8b8b696d8) Importer(815301076,1909f56bfc062723c751e8b465ee728b) [PhysX] Initialized MultithreadedTaskDispatcher with 16 workers.
[PhysX] Initialized MultithreadedTaskDispatcher with 16 workers.
 -> (artifact id: '960c57bd63b7359f53c82f58b1d189b6') in 0.071490 seconds
Number of updated asset objects reloaded before import = 0
Number of asset objects unloaded after import = 2
========================================================================
Received Import Request.
  Time since last request: 0.417991 seconds.
  path: Assets/Samples/XR Interaction Toolkit/2.5.4/Starter Assets/DemoSceneAssets/Sprites/Circle_60x60_Horizontal.png
  artifactKey: Guid(e45f8f823c093d941855bb23b53b9414) Importer(815301076,1909f56bfc062723c751e8b465ee728b)
Start importing Assets/Samples/XR Interaction Toolkit/2.5.4/Starter Assets/DemoSceneAssets/Sprites/Circle_60x60_Horizontal.png using Guid(e45f8f823c093d941855bb23b53b9414) Importer(815301076,1909f56bfc062723c751e8b465ee728b) [PhysX] Initialized MultithreadedTaskDispatcher with 16 workers.
[PhysX] Initialized MultithreadedTaskDispatcher with 16 workers.
 -> (artifact id: '7c4eb8f55282a1c00cd88c8ad88b5b93') in 0.027175 seconds
Number of updated asset objects reloaded before import = 0
Number of asset objects unloaded after import = 3
========================================================================
Received Import Request.
  Time since last request: 0.000258 seconds.
  path: Assets/ModelosIndustriais/GasTank/Models/GasTank.fbx
  artifactKey: Guid(355e7b79ef5301043b6408f82ebfac05) Importer(815301076,1909f56bfc062723c751e8b465ee728b)
Start importing Assets/ModelosIndustriais/GasTank/Models/GasTank.fbx using Guid(355e7b79ef5301043b6408f82ebfac05) Importer(815301076,1909f56bfc062723c751e8b465ee728b) [PhysX] Initialized MultithreadedTaskDispatcher with 16 workers.
[PhysX] Initialized MultithreadedTaskDispatcher with 16 workers.
[PhysX] Initialized MultithreadedTaskDispatcher with 16 workers.
[PhysX] Initialized MultithreadedTaskDispatcher with 16 workers.
[PhysX] Initialized MultithreadedTaskDispatcher with 16 workers.
 -> (artifact id: '20fd29fd7fd43ae7d03cada31a8fbd44') in 0.422847 seconds
Number of updated asset objects reloaded before import = 0
Number of asset objects unloaded after import = 24
========================================================================
Received Import Request.
  Time since last request: 0.644972 seconds.
  path: Assets/ModelosAmbienteIndustrial/Fences/Concrete_fences/Concrete_fence_v2/Source/Concrete_fence_v2.tga
  artifactKey: Guid(5321f19e8c384e6438f1b372bf5281ae) Importer(815301076,1909f56bfc062723c751e8b465ee728b)
Start importing Assets/ModelosAmbienteIndustrial/Fences/Concrete_fences/Concrete_fence_v2/Source/Concrete_fence_v2.tga using Guid(5321f19e8c384e6438f1b372bf5281ae) Importer(815301076,1909f56bfc062723c751e8b465ee728b) [PhysX] Initialized MultithreadedTaskDispatcher with 16 workers.
[PhysX] Initialized MultithreadedTaskDispatcher with 16 workers.
 -> (artifact id: '1b3d7c68a6b7a036dc8ae81012d0a262') in 0.025821 seconds
Number of updated asset objects reloaded before import = 0
Number of asset objects unloaded after import = 2
========================================================================
Received Import Request.
  Time since last request: 0.835832 seconds.
  path: Assets/ModelosAmbienteIndustrial/Fences/Concrete_fences/Concrete_fence_v2/Concrete_fence_v2_Gate.prefab
  artifactKey: Guid(60cf315f432990a41b67cef3d41a92f4) Importer(815301076,1909f56bfc062723c751e8b465ee728b)
Start importing Assets/ModelosAmbienteIndustrial/Fences/Concrete_fences/Concrete_fence_v2/Concrete_fence_v2_Gate.prefab using Guid(60cf315f432990a41b67cef3d41a92f4) Importer(815301076,1909f56bfc062723c751e8b465ee728b) [PhysX] Initialized MultithreadedTaskDispatcher with 16 workers.
[PhysX] Initialized MultithreadedTaskDispatcher with 16 workers.
 -> (artifact id: 'eaf266f8374a1e546739af68a8a37a49') in 0.084886 seconds
Number of updated asset objects reloaded before import = 0
Number of asset objects unloaded after import = 20
========================================================================
Received Import Request.
  Time since last request: 0.000023 seconds.
  path: Assets/ModelosAmbienteIndustrial/Other_props/Conditioners/Conditioner_v1/Conditioner_v1.prefab
  artifactKey: Guid(4aacf79f5a0dae44687cf65a42a1b825) Importer(815301076,1909f56bfc062723c751e8b465ee728b)
Start importing Assets/ModelosAmbienteIndustrial/Other_props/Conditioners/Conditioner_v1/Conditioner_v1.prefab using Guid(4aacf79f5a0dae44687cf65a42a1b825) Importer(815301076,1909f56bfc062723c751e8b465ee728b) [PhysX] Initialized MultithreadedTaskDispatcher with 16 workers.
[PhysX] Initialized MultithreadedTaskDispatcher with 16 workers.
 -> (artifact id: 'f1af4514b5060f252bbc8786e04710c7') in 0.053281 seconds
Number of updated asset objects reloaded before import = 0
Number of asset objects unloaded after import = 10
========================================================================
Received Import Request.
  Time since last request: 0.000018 seconds.
  path: Assets/ModelosIndustriais/ConcreteTubes/Textures/ConcreteTubes_Interior_Height.tga
  artifactKey: Guid(b2803805e6dc8fa48ac5ed1bb05e6fcf) Importer(815301076,1909f56bfc062723c751e8b465ee728b)
Start importing Assets/ModelosIndustriais/ConcreteTubes/Textures/ConcreteTubes_Interior_Height.tga using Guid(b2803805e6dc8fa48ac5ed1bb05e6fcf) Importer(815301076,1909f56bfc062723c751e8b465ee728b) [PhysX] Initialized MultithreadedTaskDispatcher with 16 workers.
[PhysX] Initialized MultithreadedTaskDispatcher with 16 workers.
 -> (artifact id: '2770d3ce49e53b4e2b254354c3239e61') in 0.060788 seconds
Number of updated asset objects reloaded before import = 0
Number of asset objects unloaded after import = 2
========================================================================
Received Import Request.
  Time since last request: 0.000030 seconds.
  path: Assets/ModelosIndustriais/ConcreteTubes/Textures/ConcreteTubes_Interior_Normal.tga
  artifactKey: Guid(02561ed8b57befd4fb3d3d498acca104) Importer(815301076,1909f56bfc062723c751e8b465ee728b)
Start importing Assets/ModelosIndustriais/ConcreteTubes/Textures/ConcreteTubes_Interior_Normal.tga using Guid(02561ed8b57befd4fb3d3d498acca104) Importer(815301076,1909f56bfc062723c751e8b465ee728b) [PhysX] Initialized MultithreadedTaskDispatcher with 16 workers.
[PhysX] Initialized MultithreadedTaskDispatcher with 16 workers.
 -> (artifact id: 'ffd8bb7cdaac18dfc289f0bfe3a12b9d') in 0.071536 seconds
Number of updated asset objects reloaded before import = 0
Number of asset objects unloaded after import = 2
========================================================================
Received Import Request.
  Time since last request: 0.311534 seconds.
  path: Assets/ModelosAmbienteIndustrial/Other_props/Conditioners/Conditioner_v1/Source/Conditioner_v1.tga
  artifactKey: Guid(798c9806c9069ad4488f6954ef02cb10) Importer(815301076,1909f56bfc062723c751e8b465ee728b)
Start importing Assets/ModelosAmbienteIndustrial/Other_props/Conditioners/Conditioner_v1/Source/Conditioner_v1.tga using Guid(798c9806c9069ad4488f6954ef02cb10) Importer(815301076,1909f56bfc062723c751e8b465ee728b) [PhysX] Initialized MultithreadedTaskDispatcher with 16 workers.
[PhysX] Initialized MultithreadedTaskDispatcher with 16 workers.
 -> (artifact id: 'e380a8cac9ea61fa3acfe46e481937c3') in 0.022974 seconds
Number of updated asset objects reloaded before import = 0
Number of asset objects unloaded after import = 2
========================================================================
Received Import Request.
  Time since last request: 0.061440 seconds.
  path: Assets/Samples/XR Interaction Toolkit/2.5.4/Starter Assets/Prefabs/Interactors/Direct Interactor.prefab
  artifactKey: Guid(2fd3e07afe5b461490fb8e314976b1b0) Importer(815301076,1909f56bfc062723c751e8b465ee728b)
Start importing Assets/Samples/XR Interaction Toolkit/2.5.4/Starter Assets/Prefabs/Interactors/Direct Interactor.prefab using Guid(2fd3e07afe5b461490fb8e314976b1b0) Importer(815301076,1909f56bfc062723c751e8b465ee728b) [PhysX] Initialized MultithreadedTaskDispatcher with 16 workers.
 -> (artifact id: 'c62c8d7e94429b302862b2384c16d0e8') in 0.012906 seconds
Number of updated asset objects reloaded before import = 0
Number of asset objects unloaded after import = 6
========================================================================
Received Import Request.
  Time since last request: 5.587442 seconds.
  path: Assets/ModelosIndustriais/GarbageCart/Textures/GarbageCart_Body_Height.tga
  artifactKey: Guid(cdc5f6440dd810241bd93394849fcb9c) Importer(815301076,1909f56bfc062723c751e8b465ee728b)
Start importing Assets/ModelosIndustriais/GarbageCart/Textures/GarbageCart_Body_Height.tga using Guid(cdc5f6440dd810241bd93394849fcb9c) Importer(815301076,1909f56bfc062723c751e8b465ee728b) [PhysX] Initialized MultithreadedTaskDispatcher with 16 workers.
[PhysX] Initialized MultithreadedTaskDispatcher with 16 workers.
 -> (artifact id: '9acf9b5a891cc67d82f890bd1d7b8145') in 0.095825 seconds
Number of updated asset objects reloaded before import = 0
Number of asset objects unloaded after import = 2
========================================================================
Received Import Request.
  Time since last request: 0.000028 seconds.
  path: Assets/ModelosIndustriais/GasTank/Textures/Gastank_Base_Height.tga
  artifactKey: Guid(5c9c4e656740a4f48bac96a2265330b4) Importer(815301076,1909f56bfc062723c751e8b465ee728b)
Start importing Assets/ModelosIndustriais/GasTank/Textures/Gastank_Base_Height.tga using Guid(5c9c4e656740a4f48bac96a2265330b4) Importer(815301076,1909f56bfc062723c751e8b465ee728b) [PhysX] Initialized MultithreadedTaskDispatcher with 16 workers.
[PhysX] Initialized MultithreadedTaskDispatcher with 16 workers.
 -> (artifact id: '1f932aab47a818aad0958b439d71fac2') in 0.044072 seconds
Number of updated asset objects reloaded before import = 0
Number of asset objects unloaded after import = 2
========================================================================
Received Import Request.
  Time since last request: 0.000026 seconds.
  path: Assets/ModelosAmbienteIndustrial/Buildings/Industrial/Hangars/Hangar_v1/Hangar_v1_half.prefab
  artifactKey: Guid(96c565084cc73634bb2bb33e2d79d426) Importer(815301076,1909f56bfc062723c751e8b465ee728b)
Start importing Assets/ModelosAmbienteIndustrial/Buildings/Industrial/Hangars/Hangar_v1/Hangar_v1_half.prefab using Guid(96c565084cc73634bb2bb33e2d79d426) Importer(815301076,1909f56bfc062723c751e8b465ee728b) [PhysX] Initialized MultithreadedTaskDispatcher with 16 workers.
[PhysX] Initialized MultithreadedTaskDispatcher with 16 workers.
 -> (artifact id: 'f31ac87e0d42a315ae97923a1dec0731') in 0.031768 seconds
Number of updated asset objects reloaded before import = 0
Number of asset objects unloaded after import = 10
========================================================================
Received Import Request.
  Time since last request: 0.000021 seconds.
  path: Assets/ModelosAmbienteIndustrial/Buildings/Industrial/Hangars/Hangar_v1/Source/Hangar_v1.tga
  artifactKey: Guid(e5e41360ae94ba445a2e6f7a2bcca35d) Importer(815301076,1909f56bfc062723c751e8b465ee728b)
Start importing Assets/ModelosAmbienteIndustrial/Buildings/Industrial/Hangars/Hangar_v1/Source/Hangar_v1.tga using Guid(e5e41360ae94ba445a2e6f7a2bcca35d) Importer(815301076,1909f56bfc062723c751e8b465ee728b) [PhysX] Initialized MultithreadedTaskDispatcher with 16 workers.
[PhysX] Initialized MultithreadedTaskDispatcher with 16 workers.
 -> (artifact id: '3b8925ec96f3a4667ed057fce74e1eda') in 0.026527 seconds
Number of updated asset objects reloaded before import = 0
Number of asset objects unloaded after import = 2
========================================================================
Received Import Request.
  Time since last request: 0.000069 seconds.
  path: Assets/ModelosIndustriais/GarbageCart/Textures/GarbageCart_Wheel_BaseColor.tga
  artifactKey: Guid(d435fb537a396ad4393726453079f966) Importer(815301076,1909f56bfc062723c751e8b465ee728b)
Start importing Assets/ModelosIndustriais/GarbageCart/Textures/GarbageCart_Wheel_BaseColor.tga using Guid(d435fb537a396ad4393726453079f966) Importer(815301076,1909f56bfc062723c751e8b465ee728b) [PhysX] Initialized MultithreadedTaskDispatcher with 16 workers.
[PhysX] Initialized MultithreadedTaskDispatcher with 16 workers.
 -> (artifact id: '3d08ca1283437f76e83138365b92bcd8') in 0.019054 seconds
Number of updated asset objects reloaded before import = 0
Number of asset objects unloaded after import = 2
========================================================================
Received Import Request.
  Time since last request: 0.179555 seconds.
  path: Assets/ModelosAmbienteIndustrial/Buildings/Industrial/Hangars/Hangar_v2/Hangar_v2_3.prefab
  artifactKey: Guid(61c787ad40ab08f409a57210cd8e416b) Importer(815301076,1909f56bfc062723c751e8b465ee728b)
Start importing Assets/ModelosAmbienteIndustrial/Buildings/Industrial/Hangars/Hangar_v2/Hangar_v2_3.prefab using Guid(61c787ad40ab08f409a57210cd8e416b) Importer(815301076,1909f56bfc062723c751e8b465ee728b) [PhysX] Initialized MultithreadedTaskDispatcher with 16 workers.
[PhysX] Initialized MultithreadedTaskDispatcher with 16 workers.
 -> (artifact id: 'cda23cb9350f28474e3a61b68271b67e') in 0.031164 seconds
Number of updated asset objects reloaded before import = 0
Number of asset objects unloaded after import = 9
========================================================================
Received Import Request.
  Time since last request: 0.011393 seconds.
  path: Assets/ModelosAmbienteIndustrial/Buildings/Industrial/Hangars/Hangar_v2/Hangar_v2_7.prefab
  artifactKey: Guid(d885e290456a887418a2fd556c1b1517) Importer(815301076,1909f56bfc062723c751e8b465ee728b)
Start importing Assets/ModelosAmbienteIndustrial/Buildings/Industrial/Hangars/Hangar_v2/Hangar_v2_7.prefab using Guid(d885e290456a887418a2fd556c1b1517) Importer(815301076,1909f56bfc062723c751e8b465ee728b) [PhysX] Initialized MultithreadedTaskDispatcher with 16 workers.
[PhysX] Initialized MultithreadedTaskDispatcher with 16 workers.
 -> (artifact id: 'c3a012c58aad2a97dfd38b1c920fb65c') in 0.066148 seconds
Number of updated asset objects reloaded before import = 0
Number of asset objects unloaded after import = 48
========================================================================
Received Import Request.
  Time since last request: 0.000017 seconds.
  path: Assets/ModelosAmbienteIndustrial/Buildings/Industrial/Hangars/Hangar_v3/Hangar_v3_basic.prefab
  artifactKey: Guid(d8185c26d9422ab41a0e3507aaab9abe) Importer(815301076,1909f56bfc062723c751e8b465ee728b)
Start importing Assets/ModelosAmbienteIndustrial/Buildings/Industrial/Hangars/Hangar_v3/Hangar_v3_basic.prefab using Guid(d8185c26d9422ab41a0e3507aaab9abe) Importer(815301076,1909f56bfc062723c751e8b465ee728b) [PhysX] Initialized MultithreadedTaskDispatcher with 16 workers.
[PhysX] Initialized MultithreadedTaskDispatcher with 16 workers.
 -> (artifact id: 'bc0c6ca3e57517a1bbc940ba99363eb5') in 0.064686 seconds
Number of updated asset objects reloaded before import = 0
Number of asset objects unloaded after import = 10
========================================================================
Received Import Request.
  Time since last request: 0.000021 seconds.
  path: Assets/ModelosAmbienteIndustrial/Buildings/Industrial/Hangars/Hangar_v4/Source/Hangar_v4.tga
  artifactKey: Guid(8821c02cc3689f749a6dbab1ac0f6ecd) Importer(815301076,1909f56bfc062723c751e8b465ee728b)
Start importing Assets/ModelosAmbienteIndustrial/Buildings/Industrial/Hangars/Hangar_v4/Source/Hangar_v4.tga using Guid(8821c02cc3689f749a6dbab1ac0f6ecd) Importer(815301076,1909f56bfc062723c751e8b465ee728b) [PhysX] Initialized MultithreadedTaskDispatcher with 16 workers.
[PhysX] Initialized MultithreadedTaskDispatcher with 16 workers.
 -> (artifact id: '6704b8844f4ae737e2c04638915bad16') in 0.049956 seconds
Number of updated asset objects reloaded before import = 0
Number of asset objects unloaded after import = 2
Editor requested this worker to shutdown with reason: Scaling down because of idle timeout
TcpMessagingSession - receive error: operation aborted. errorcode: 995, details: A operação de E/S foi anulada devido a uma saída de thread ou a uma requisição de aplicativo.
AssetImportWorker is now disconnected from the server
Process exiting
Exiting without the bug reporter. Application will terminate with return code 0